# JRE version: OpenJDK Runtime Environment Temurin-17.0.5+8 (17.0.5+8) (build 17.0.5+8)
# Java VM: OpenJDK 64-Bit Server VM Temurin-17.0.5+8 (17.0.5+8, mixed mode, emulated-client, tiered, compressed oops, compressed class ptrs, g1 gc, windows-amd64)
GC Precious Log:
 CPUs: 4 total, 4 available
 Memory: 4008M
 Large Page Support: Disabled
 NUMA Support: Disabled
 Compressed Oops: Enabled (32-bit)
 Heap Region Size: 1M
 Heap Min Capacity: 8M
 Heap Initial Capacity: 64M
 Heap Max Capacity: 1004M
 Pre-touch: Disabled
 Parallel Workers: 4
 Concurrent Workers: 1
 Concurrent Refinement Workers: 4
 Periodic GC: Disabled
Heap:
 garbage-first heap   total 447488K, used 341939K [0x00000000c1400000, 0x0000000100000000)
  region size 1024K, 270 young (276480K), 26 survivors (26624K)
 Metaspace       used 45590K, committed 45952K, reserved 1097728K
  class space    used 5620K, committed 5760K, reserved 1048576K
GC Heap History (20 events):
Event: 47.171 GC heap after
{Heap after GC invocations=15 (full 0):
 garbage-first heap   total 65536K, used 32224K [0x00000000c1400000, 0x0000000100000000)
  region size 1024K, 1 young (1024K), 1 survivors (1024K)
 Metaspace       used 36352K, committed 36672K, reserved 1081344K
  class space    used 4676K, committed 4800K, reserved 1048576K
}
Event: 47.227 GC heap before
{Heap before GC invocations=15 (full 0):
 garbage-first heap   total 65536K, used 48608K [0x00000000c1400000, 0x0000000100000000)
  region size 1024K, 17 young (17408K), 1 survivors (1024K)
 Metaspace       used 36569K, committed 36928K, reserved 1081344K
  class space    used 4704K, committed 4864K, reserved 1048576K
}
Event: 47.232 GC heap after
{Heap after GC invocations=16 (full 0):
 garbage-first heap   total 65536K, used 34557K [0x00000000c1400000, 0x0000000100000000)
  region size 1024K, 3 young (3072K), 3 survivors (3072K)
 Metaspace       used 36569K, committed 36928K, reserved 1081344K
  class space    used 4704K, committed 4864K, reserved 1048576K
}
Event: 47.297 GC heap before
{Heap before GC invocations=16 (full 0):
 garbage-first heap   total 65536K, used 49917K [0x00000000c1400000, 0x0000000100000000)
  region size 1024K, 18 young (18432K), 3 survivors (3072K)
 Metaspace       used 36913K, committed 37184K, reserved 1081344K
  class space    used 4737K, committed 4864K, reserved 1048576K
}
Event: 47.303 GC heap after
{Heap after GC invocations=17 (full 0):
 garbage-first heap   total 65536K, used 37109K [0x00000000c1400000, 0x0000000100000000)
  region size 1024K, 3 young (3072K), 3 survivors (3072K)
 Metaspace       used 36913K, committed 37184K, reserved 1081344K
  class space    used 4737K, committed 4864K, reserved 1048576K
}
Event: 47.359 GC heap before
{Heap before GC invocations=18 (full 0):
 garbage-first heap   total 66560K, used 50421K [0x00000000c1400000, 0x0000000100000000)
  region size 1024K, 16 young (16384K), 3 survivors (3072K)
 Metaspace       used 37087K, committed 37376K, reserved 1081344K
  class space    used 4748K, committed 4864K, reserved 1048576K
}
Event: 47.366 GC heap after
{Heap after GC invocations=19 (full 0):
 garbage-first heap   total 66560K, used 39913K [0x00000000c1400000, 0x0000000100000000)
  region size 1024K, 2 young (2048K), 2 survivors (2048K)
 Metaspace       used 37087K, committed 37376K, reserved 1081344K
  class space    used 4748K, committed 4864K, reserved 1048576K
}
Event: 47.371 GC heap before
{Heap before GC invocations=19 (full 0):
 garbage-first heap   total 66560K, used 40937K [0x00000000c1400000, 0x0000000100000000)
  region size 1024K, 3 young (3072K), 2 survivors (2048K)
 Metaspace       used 37096K, committed 37376K, reserved 1081344K
  class space    used 4748K, committed 4864K, reserved 1048576K
}
Event: 47.380 GC heap after
{Heap after GC invocations=20 (full 0):
 garbage-first heap   total 196608K, used 40272K [0x00000000c1400000, 0x0000000100000000)
  region size 1024K, 1 young (1024K), 1 survivors (1024K)
 Metaspace       used 37096K, committed 37376K, reserved 1081344K
  class space    used 4748K, committed 4864K, reserved 1048576K
}
Event: 49.026 GC heap before
{Heap before GC invocations=20 (full 0):
 garbage-first heap   total 196608K, used 138576K [0x00000000c1400000, 0x0000000100000000)
  region size 1024K, 93 young (95232K), 1 survivors (1024K)
 Metaspace       used 42241K, committed 42624K, reserved 1089536K
  class space    used 5243K, committed 5440K, reserved 1048576K
}
Event: 49.135 GC heap after
{Heap after GC invocations=21 (full 0):
 garbage-first heap   total 196608K, used 73113K [0x00000000c1400000, 0x0000000100000000)
  region size 1024K, 12 young (12288K), 12 survivors (12288K)
 Metaspace       used 42241K, committed 42624K, reserved 1089536K
  class space    used 5243K, committed 5440K, reserved 1048576K
}
Event: 49.310 GC heap before
{Heap before GC invocations=21 (full 0):
 garbage-first heap   total 196608K, used 126361K [0x00000000c1400000, 0x0000000100000000)
  region size 1024K, 65 young (66560K), 12 survivors (12288K)
 Metaspace       used 42281K, committed 42688K, reserved 1089536K
  class space    used 5254K, committed 5440K, reserved 1048576K
}
Event: 49.344 GC heap after
{Heap after GC invocations=22 (full 0):
 garbage-first heap   total 196608K, used 76418K [0x00000000c1400000, 0x0000000100000000)
  region size 1024K, 3 young (3072K), 3 survivors (3072K)
 Metaspace       used 42281K, committed 42688K, reserved 1089536K
  class space    used 5254K, committed 5440K, reserved 1048576K
}
Event: 49.552 GC heap before
{Heap before GC invocations=22 (full 0):
 garbage-first heap   total 196608K, used 133762K [0x00000000c1400000, 0x0000000100000000)
  region size 1024K, 60 young (61440K), 3 survivors (3072K)
 Metaspace       used 42479K, committed 42816K, reserved 1089536K
  class space    used 5277K, committed 5440K, reserved 1048576K
}
Event: 49.569 GC heap after
{Heap after GC invocations=23 (full 0):
 garbage-first heap   total 196608K, used 78307K [0x00000000c1400000, 0x0000000100000000)
  region size 1024K, 5 young (5120K), 5 survivors (5120K)
 Metaspace       used 42479K, committed 42816K, reserved 1089536K
  class space    used 5277K, committed 5440K, reserved 1048576K
}
Event: 49.801 GC heap before
{Heap before GC invocations=23 (full 0):
 garbage-first heap   total 196608K, used 142819K [0x00000000c1400000, 0x0000000100000000)
  region size 1024K, 69 young (70656K), 5 survivors (5120K)
 Metaspace       used 42981K, committed 43328K, reserved 1089536K
  class space    used 5329K, committed 5504K, reserved 1048576K
}
Event: 49.821 GC heap after
{Heap after GC invocations=24 (full 0):
 garbage-first heap   total 447488K, used 81308K [0x00000000c1400000, 0x0000000100000000)
  region size 1024K, 8 young (8192K), 8 survivors (8192K)
 Metaspace       used 42981K, committed 43328K, reserved 1089536K
  class space    used 5329K, committed 5504K, reserved 1048576K
}
Event: 51.983 GC heap before
{Heap before GC invocations=24 (full 0):
 garbage-first heap   total 447488K, used 330140K [0x00000000c1400000, 0x0000000100000000)
  region size 1024K, 252 young (258048K), 8 survivors (8192K)
 Metaspace       used 45238K, committed 45568K, reserved 1089536K
  class space    used 5559K, committed 5696K, reserved 1048576K
}
Event: 52.211 GC heap after
{Heap after GC invocations=25 (full 0):
 garbage-first heap   total 447488K, used 92083K [0x00000000c1400000, 0x0000000100000000)
  region size 1024K, 18 young (18432K), 18 survivors (18432K)
 Metaspace       used 45238K, committed 45568K, reserved 1089536K
  class space    used 5559K, committed 5696K, reserved 1048576K
}
Event: 54.649 GC heap before
{Heap before GC invocations=25 (full 0):
 garbage-first heap   total 447488K, used 340915K [0x00000000c1400000, 0x0000000100000000)
  region size 1024K, 262 young (268288K), 18 survivors (18432K)
 Metaspace       used 45590K, committed 45952K, reserved 1097728K
  class space    used 5620K, committed 5760K, reserved 1048576K
}

